Using pre-set license
Built from '6000.0/staging' branch; Version is '6000.0.42f1 (feb9a7235030) revision 16693671'; Using compiler version '193933523'; Build Type 'Release'
OS: 'Windows 11  (10.0.22631) 64bit Professional' Language: 'ru' Physical Memory: 32550 MB
BatchMode: 1, IsHumanControllingUs: 0, StartBugReporterOnCrash: 0, Is64bit: 1, IsPro: 1

COMMAND LINE ARGUMENTS:
D:\Unity Installs\6000.0.42f1\Editor\Unity.exe
-adb2
-batchMode
-noUpm
-name
AssetImportWorker4
-projectPath
D:/GitHub/RPG/RBG-Orlenko-Martirosyan
-logFile
Logs/AssetImportWorker4.log
-srvPort
60184
-job-worker-count
5
-background-job-worker-count
8
-gc-helper-count
1
Successfully changed project path to: D:/GitHub/RPG/RBG-Orlenko-Martirosyan
D:/GitHub/RPG/RBG-Orlenko-Martirosyan
[UnityMemory] Configuration Parameters - Can be set up in boot.config
    "memorysetup-bucket-allocator-granularity=16"
    "memorysetup-bucket-allocator-bucket-count=8"
    "memorysetup-bucket-allocator-block-size=33554432"
    "memorysetup-bucket-allocator-block-count=8"
    "memorysetup-main-allocator-block-size=16777216"
    "memorysetup-thread-allocator-block-size=16777216"
    "memorysetup-gfx-main-allocator-block-size=16777216"
    "memorysetup-gfx-thread-allocator-block-size=16777216"
    "memorysetup-cache-allocator-block-size=4194304"
    "memorysetup-typetree-allocator-block-size=2097152"
    "memorysetup-profiler-bucket-allocator-granularity=16"
    "memorysetup-profiler-bucket-allocator-bucket-count=8"
    "memorysetup-profiler-bucket-allocator-block-size=33554432"
    "memorysetup-profiler-bucket-allocator-block-count=8"
    "memorysetup-profiler-allocator-block-size=16777216"
    "memorysetup-profiler-editor-allocator-block-size=1048576"
    "memorysetup-temp-allocator-size-main=16777216"
    "memorysetup-job-temp-allocator-block-size=2097152"
    "memorysetup-job-temp-allocator-block-size-background=1048576"
    "memorysetup-job-temp-allocator-reduction-small-platforms=262144"
    "memorysetup-allocator-temp-initial-block-size-main=262144"
    "memorysetup-allocator-temp-initial-block-size-worker=262144"
    "memorysetup-temp-allocator-size-background-worker=32768"
    "memorysetup-temp-allocator-size-job-worker=262144"
    "memorysetup-temp-allocator-size-preload-manager=33554432"
    "memorysetup-temp-allocator-size-nav-mesh-worker=65536"
    "memorysetup-temp-allocator-size-audio-worker=65536"
    "memorysetup-temp-allocator-size-cloud-worker=32768"
    "memorysetup-temp-allocator-size-gi-baking-worker=262144"
    "memorysetup-temp-allocator-size-gi-baking-worker=262144"
    "memorysetup-temp-allocator-size-gi-baking-worker=262144"
    "memorysetup-temp-allocator-size-gi-baking-worker=262144"
    "memorysetup-temp-allocator-size-gi-baking-worker=262144"
    "memorysetup-temp-allocator-size-gfx=262144"
Player connection [33000]  Target information:

Player connection [33000]  * "[IP] 192.168.0.120 [Port] 0 [Flags] 2 [Guid] 46029348 [EditorId] 46029348 [Version] 1048832 [Id] WindowsEditor(7,exzzzet) [Debug] 1 [PackageName] WindowsEditor [ProjectName] Editor" 

Player connection [33000]  * "[IP] 192.168.241.1 [Port] 0 [Flags] 2 [Guid] 46029348 [EditorId] 46029348 [Version] 1048832 [Id] WindowsEditor(7,exzzzet) [Debug] 1 [PackageName] WindowsEditor [ProjectName] Editor" 

Player connection [33000]  * "[IP] 192.168.112.1 [Port] 0 [Flags] 2 [Guid] 46029348 [EditorId] 46029348 [Version] 1048832 [Id] WindowsEditor(7,exzzzet) [Debug] 1 [PackageName] WindowsEditor [ProjectName] Editor" 

Player connection [33000]  * "[IP] 26.1.46.39 [Port] 0 [Flags] 2 [Guid] 46029348 [EditorId] 46029348 [Version] 1048832 [Id] WindowsEditor(7,exzzzet) [Debug] 1 [PackageName] WindowsEditor [ProjectName] Editor" 

Player connection [33000]  * "[IP] 172.27.105.60 [Port] 0 [Flags] 2 [Guid] 46029348 [EditorId] 46029348 [Version] 1048832 [Id] WindowsEditor(7,exzzzet) [Debug] 1 [PackageName] WindowsEditor [ProjectName] Editor" 

Player connection [33000] Host joined multi-casting on [225.0.0.222:54997]...
Player connection [33000] Host joined alternative multi-casting on [225.0.0.222:34997]...
JobSystem: Creating JobQueue using job-worker-count value 5
Input System module state changed to: Initialized.
[Physics::Module] Initialized fallback backend.
[Physics::Module] Id: 0xdecafbad
Library Redirect Path: Library/
[Physics::Module] Selected backend.
[Physics::Module] Name: PhysX
[Physics::Module] Id: 0xf2b8ea05
[Physics::Module] SDK Version: 4.1.2
[Physics::Module] Integration Version: 1.0.0
[Physics::Module] Threading Mode: Multi-Threaded
Refreshing native plugins compatible for Editor in 2.24 ms, found 3 plugins.
Preloading 0 native plugins for Editor in 0.00 ms.
Initialize engine version: 6000.0.42f1 (feb9a7235030)
[Subsystems] Discovering subsystems at path D:/Unity Installs/6000.0.42f1/Editor/Data/Resources/UnitySubsystems
[Subsystems] Discovering subsystems at path D:/GitHub/RPG/RBG-Orlenko-Martirosyan/Assets
GfxDevice: creating device client; kGfxThreadingModeNonThreaded
Direct3D:
    Version:  Direct3D 11.0 [level 11.1]
    Renderer: NVIDIA GeForce GTX 1070 Ti (ID=0x1b82)
    Vendor:   NVIDIA
    VRAM:     8060 MB
    Driver:   32.0.15.7196
Initialize mono
Mono path[0] = 'D:/Unity Installs/6000.0.42f1/Editor/Data/Managed'
Mono path[1] = 'D:/Unity Installs/6000.0.42f1/Editor/Data/MonoBleedingEdge/lib/mono/unityjit-win32'
Mono config path = 'D:/Unity Installs/6000.0.42f1/Editor/Data/MonoBleedingEdge/etc'
Using monoOptions --debugger-agent=transport=dt_socket,embedding=1,server=y,suspend=n,address=127.0.0.1:56988
Begin MonoManager ReloadAssembly
Registering precompiled unity dll's ...
Register platform support module: D:/Unity Installs/6000.0.42f1/Editor/Data/PlaybackEngines/WebGLSupport/UnityEditor.WebGL.Extensions.dll
Register platform support module: D:/Unity Installs/6000.0.42f1/Editor/Data/PlaybackEngines/WindowsStandaloneSupport/UnityEditor.WindowsStandalone.Extensions.dll
Register platform support module: D:/Unity Installs/6000.0.42f1/Editor/Data/PlaybackEngines/MetroSupport/UnityEditor.UWP.Extensions.dll
Registered in 0.004697 seconds.
- Loaded All Assemblies, in  0.487 seconds
Native extension for UWP target not found
Native extension for WindowsStandalone target not found
Native extension for WebGL target not found
Mono: successfully reloaded assembly
- Finished resetting the current domain, in  0.343 seconds
Domain Reload Profiling: 831ms
	BeginReloadAssembly (188ms)
		ExecutionOrderSort (0ms)
		DisableScriptedObjects (0ms)
		BackupInstance (0ms)
		ReleaseScriptingObjects (0ms)
		CreateAndSetChildDomain (1ms)
	RebuildCommonClasses (57ms)
	RebuildNativeTypeToScriptingClass (15ms)
	initialDomainReloadingComplete (59ms)
	LoadAllAssembliesAndSetupDomain (168ms)
		LoadAssemblies (188ms)
		RebuildTransferFunctionScriptingTraits (0ms)
		AnalyzeDomain (163ms)
			TypeCache.Refresh (161ms)
				TypeCache.ScanAssembly (147ms)
			BuildScriptInfoCaches (0ms)
			ResolveRequiredComponents (0ms)
	FinalizeReload (344ms)
		ReleaseScriptCaches (0ms)
		RebuildScriptCaches (0ms)
		SetupLoadedEditorAssemblies (303ms)
			LogAssemblyErrors (0ms)
			InitializePlatformSupportModulesInManaged (54ms)
			SetLoadedEditorAssemblies (5ms)
			BeforeProcessingInitializeOnLoad (53ms)
			ProcessInitializeOnLoadAttributes (139ms)
			ProcessInitializeOnLoadMethodAttributes (52ms)
			AfterProcessingInitializeOnLoad (0ms)
			EditorAssembliesLoaded (0ms)
		ExecutionOrderSort2 (0ms)
		AwakeInstancesAfterBackupRestoration (0ms)
========================================================================
Worker process is ready to serve import requests
Import Worker Mode flag is 0x00
Begin MonoManager ReloadAssembly
- Loaded All Assemblies, in  0.604 seconds
Refreshing native plugins compatible for Editor in 0.96 ms, found 3 plugins.
Native extension for UWP target not found
Native extension for WindowsStandalone target not found
Native extension for WebGL target not found
Mono: successfully reloaded assembly
- Finished resetting the current domain, in  0.472 seconds
Domain Reload Profiling: 1075ms
	BeginReloadAssembly (182ms)
		ExecutionOrderSort (0ms)
		DisableScriptedObjects (9ms)
		BackupInstance (0ms)
		ReleaseScriptingObjects (0ms)
		CreateAndSetChildDomain (28ms)
	RebuildCommonClasses (35ms)
	RebuildNativeTypeToScriptingClass (12ms)
	initialDomainReloadingComplete (33ms)
	LoadAllAssembliesAndSetupDomain (342ms)
		LoadAssemblies (282ms)
		RebuildTransferFunctionScriptingTraits (0ms)
		AnalyzeDomain (173ms)
			TypeCache.Refresh (140ms)
				TypeCache.ScanAssembly (128ms)
			BuildScriptInfoCaches (25ms)
			ResolveRequiredComponents (5ms)
	FinalizeReload (472ms)
		ReleaseScriptCaches (0ms)
		RebuildScriptCaches (0ms)
		SetupLoadedEditorAssemblies (364ms)
			LogAssemblyErrors (0ms)
			InitializePlatformSupportModulesInManaged (12ms)
			SetLoadedEditorAssemblies (5ms)
			BeforeProcessingInitializeOnLoad (70ms)
			ProcessInitializeOnLoadAttributes (251ms)
			ProcessInitializeOnLoadMethodAttributes (25ms)
			AfterProcessingInitializeOnLoad (1ms)
			EditorAssembliesLoaded (0ms)
		ExecutionOrderSort2 (0ms)
		AwakeInstancesAfterBackupRestoration (5ms)
Launched and connected shader compiler UnityShaderCompiler.exe after 0.01 seconds
Refreshing native plugins compatible for Editor in 1.28 ms, found 3 plugins.
Preloading 0 native plugins for Editor in 0.00 ms.
Unloading 9 Unused Serialized files (Serialized files now loaded: 0)
Unloading 3283 unused Assets / (0.9 MB). Loaded Objects now: 3787.
Memory consumption went from 86.3 MB to 85.3 MB.
Total: 6.401800 ms (FindLiveObjects: 0.326000 ms CreateObjectMapping: 0.257200 ms MarkObjects: 4.107600 ms  DeleteObjects: 1.709300 ms)

========================================================================
Received Import Request.
  Time since last request: 92650.954172 seconds.
  path: Assets/3D Stylized Goblin(animations+)/controlers/Attack2.controller
  artifactKey: Guid(e00e2d1e3f75481429155c1b588d2799) Importer(815301076,1909f56bfc062723c751e8b465ee728b)
Start importing Assets/3D Stylized Goblin(animations+)/controlers/Attack2.controller using Guid(e00e2d1e3f75481429155c1b588d2799) Importer(815301076,1909f56bfc062723c751e8b465ee728b) (PreviewImporter) -> (artifact id: 'e4e60a41274a7088987b8d921624c3b4') in 0.017199 seconds
Number of updated asset objects reloaded before import = 0Number of asset objects unloaded after import = 4

========================================================================
Received Import Request.
  Time since last request: 72.841352 seconds.
  path: Assets/Location/Scene/rpgpp_lt_scene_1.0/Game.scenetemplate
  artifactKey: Guid(fa112428836adc64a98ba824bd87f8f4) Importer(815301076,1909f56bfc062723c751e8b465ee728b)
Start importing Assets/Location/Scene/rpgpp_lt_scene_1.0/Game.scenetemplate using Guid(fa112428836adc64a98ba824bd87f8f4) Importer(815301076,1909f56bfc062723c751e8b465ee728b) (PreviewImporter) -> (artifact id: '06cf73e74c9eb1efd3ba1286d0a62f1c') in 0.0559283 seconds
Number of updated asset objects reloaded before import = 0Number of asset objects unloaded after import = 637

========================================================================
Received Import Request.
  Time since last request: 8.347848 seconds.
  path: Assets/Location/Scene/rpgpp_lt_scene_1.0
  artifactKey: Guid(aeaa541041ddf1a4ba5c716a6e750110) Importer(815301076,1909f56bfc062723c751e8b465ee728b)
Start importing Assets/Location/Scene/rpgpp_lt_scene_1.0 using Guid(aeaa541041ddf1a4ba5c716a6e750110) Importer(815301076,1909f56bfc062723c751e8b465ee728b) (PreviewImporter) -> (artifact id: '9ea070915c075c4bfd74863d41a35a41') in 0.0007058 seconds
Number of updated asset objects reloaded before import = 0Number of asset objects unloaded after import = 0

========================================================================
Received Import Request.
  Time since last request: 3.105404 seconds.
  path: Assets/Location/Scene/rpgpp_lt_scene_1.0.unity
  artifactKey: Guid(d2809ab9b90eea7419d8d90d4c505d35) Importer(815301076,1909f56bfc062723c751e8b465ee728b)
Start importing Assets/Location/Scene/rpgpp_lt_scene_1.0.unity using Guid(d2809ab9b90eea7419d8d90d4c505d35) Importer(815301076,1909f56bfc062723c751e8b465ee728b) (PreviewImporter) -> (artifact id: '0a92a199b013cbedaebcbb5cf3837c10') in 0.000428 seconds
Number of updated asset objects reloaded before import = 0Number of asset objects unloaded after import = 0

========================================================================
Received Import Request.
  Time since last request: 17.488831 seconds.
  path: Assets/3D Stylized Goblin(animations+)/Scenes/Goblin.unity
  artifactKey: Guid(146e600b14f1ab945a972583531c2369) Importer(815301076,1909f56bfc062723c751e8b465ee728b)
Start importing Assets/3D Stylized Goblin(animations+)/Scenes/Goblin.unity using Guid(146e600b14f1ab945a972583531c2369) Importer(815301076,1909f56bfc062723c751e8b465ee728b) (PreviewImporter) -> (artifact id: 'c17223ecd57f98ee8a37cd7fe3c0fca1') in 0.0005625 seconds
Number of updated asset objects reloaded before import = 0Number of asset objects unloaded after import = 0

========================================================================
Received Prepare
Begin MonoManager ReloadAssembly
- Loaded All Assemblies, in  0.639 seconds
Refreshing native plugins compatible for Editor in 0.81 ms, found 3 plugins.
Native extension for UWP target not found
Native extension for WindowsStandalone target not found
Native extension for WebGL target not found
Mono: successfully reloaded assembly
- Finished resetting the current domain, in  0.544 seconds
Domain Reload Profiling: 1185ms
	BeginReloadAssembly (212ms)
		ExecutionOrderSort (0ms)
		DisableScriptedObjects (6ms)
		BackupInstance (0ms)
		ReleaseScriptingObjects (0ms)
		CreateAndSetChildDomain (43ms)
	RebuildCommonClasses (51ms)
	RebuildNativeTypeToScriptingClass (16ms)
	initialDomainReloadingComplete (30ms)
	LoadAllAssembliesAndSetupDomain (331ms)
		LoadAssemblies (297ms)
		RebuildTransferFunctionScriptingTraits (0ms)
		AnalyzeDomain (161ms)
			TypeCache.Refresh (6ms)
				TypeCache.ScanAssembly (0ms)
			BuildScriptInfoCaches (147ms)
			ResolveRequiredComponents (4ms)
	FinalizeReload (545ms)
		ReleaseScriptCaches (0ms)
		RebuildScriptCaches (0ms)
		SetupLoadedEditorAssemblies (416ms)
			LogAssemblyErrors (0ms)
			InitializePlatformSupportModulesInManaged (14ms)
			SetLoadedEditorAssemblies (4ms)
			BeforeProcessingInitializeOnLoad (76ms)
			ProcessInitializeOnLoadAttributes (288ms)
			ProcessInitializeOnLoadMethodAttributes (32ms)
			AfterProcessingInitializeOnLoad (2ms)
			EditorAssembliesLoaded (0ms)
		ExecutionOrderSort2 (0ms)
		AwakeInstancesAfterBackupRestoration (8ms)
Refreshing native plugins compatible for Editor in 1.40 ms, found 3 plugins.
Preloading 0 native plugins for Editor in 0.00 ms.
Unloading 0 Unused Serialized files (Serialized files now loaded: 0)
Unloading 3281 unused Assets / (0.7 MB). Loaded Objects now: 3790.
Memory consumption went from 84.5 MB to 83.8 MB.
Total: 10.061500 ms (FindLiveObjects: 0.511000 ms CreateObjectMapping: 0.732800 ms MarkObjects: 7.382600 ms  DeleteObjects: 1.433900 ms)

Prepare: number of updated asset objects reloaded= 0
========================================================================
Received Import Request.
  Time since last request: 95.921136 seconds.
  path: Assets/Goblin (Main character)
  artifactKey: Guid(94a0d264cb2db094b9f32e19626eda3e) Importer(815301076,1909f56bfc062723c751e8b465ee728b)
Start importing Assets/Goblin (Main character) using Guid(94a0d264cb2db094b9f32e19626eda3e) Importer(815301076,1909f56bfc062723c751e8b465ee728b) (PreviewImporter) -> (artifact id: '358d604c05a89b90287e256e27a38a8c') in 0.0021403 seconds
Number of updated asset objects reloaded before import = 0Number of asset objects unloaded after import = 0

========================================================================
Received Import Request.
  Time since last request: 2.020022 seconds.
  path: Assets/DacingEyebrows
  artifactKey: Guid(d007fd66e8c061243ba547cead838f93) Importer(815301076,1909f56bfc062723c751e8b465ee728b)
Start importing Assets/DacingEyebrows using Guid(d007fd66e8c061243ba547cead838f93) Importer(815301076,1909f56bfc062723c751e8b465ee728b) (PreviewImporter) -> (artifact id: '63fe2952e1eee3a1ab99a757d4d2b69e') in 0.0006709 seconds
Number of updated asset objects reloaded before import = 0Number of asset objects unloaded after import = 0

========================================================================
Received Import Request.
  Time since last request: 5.526661 seconds.
  path: Assets/Characters/Animations
  artifactKey: Guid(9dd29c1fd861d564c8b63c5c91230822) Importer(815301076,1909f56bfc062723c751e8b465ee728b)
Start importing Assets/Characters/Animations using Guid(9dd29c1fd861d564c8b63c5c91230822) Importer(815301076,1909f56bfc062723c751e8b465ee728b) (PreviewImporter) -> (artifact id: 'ce50e790343b9b803eba132463cf9933') in 0.000461 seconds
Number of updated asset objects reloaded before import = 0Number of asset objects unloaded after import = 0

========================================================================
Received Import Request.
  Time since last request: 0.049221 seconds.
  path: Assets/Characters/Animations/Idle (1).fbx
  artifactKey: Guid(938d9764156b57947a4395f1db2020b3) Importer(815301076,1909f56bfc062723c751e8b465ee728b)
Start importing Assets/Characters/Animations/Idle (1).fbx using Guid(938d9764156b57947a4395f1db2020b3) Importer(815301076,1909f56bfc062723c751e8b465ee728b) (PreviewImporter) -> (artifact id: 'cd63e8a99bfbdb5c641ae43f1f7b5f7c') in 0.0410776 seconds
Number of updated asset objects reloaded before import = 0Number of asset objects unloaded after import = 135

========================================================================
Received Import Request.
  Time since last request: 32.180793 seconds.
  path: Assets/Ninja (other model)
  artifactKey: Guid(1a2abb4014a0585439333710bec27f94) Importer(815301076,1909f56bfc062723c751e8b465ee728b)
Start importing Assets/Ninja (other model) using Guid(1a2abb4014a0585439333710bec27f94) Importer(815301076,1909f56bfc062723c751e8b465ee728b) (PreviewImporter) -> (artifact id: 'd32942ad751943f282c955c1bb56dfa7') in 0.0004411 seconds
Number of updated asset objects reloaded before import = 0Number of asset objects unloaded after import = 0

========================================================================
Received Import Request.
  Time since last request: 6.392570 seconds.
  path: Assets/DacingEyebrows/deb_Goblin01
  artifactKey: Guid(8b05d90c5a69e8e4289c0bd9df29c5b2) Importer(815301076,1909f56bfc062723c751e8b465ee728b)
Start importing Assets/DacingEyebrows/deb_Goblin01 using Guid(8b05d90c5a69e8e4289c0bd9df29c5b2) Importer(815301076,1909f56bfc062723c751e8b465ee728b) (PreviewImporter) -> (artifact id: '6b39de7b70f3ffe9ab50ee3e3dc40971') in 0.000442 seconds
Number of updated asset objects reloaded before import = 0Number of asset objects unloaded after import = 0

========================================================================
Received Import Request.
  Time since last request: 1.482925 seconds.
  path: Assets/DacingEyebrows/deb_Goblin01/Scene
  artifactKey: Guid(05b887a375d091c4e8020b91f0e654cb) Importer(815301076,1909f56bfc062723c751e8b465ee728b)
Start importing Assets/DacingEyebrows/deb_Goblin01/Scene using Guid(05b887a375d091c4e8020b91f0e654cb) Importer(815301076,1909f56bfc062723c751e8b465ee728b) (PreviewImporter) -> (artifact id: 'd81611e8b1da3c38354a8726a673e4a2') in 0.0004979 seconds
Number of updated asset objects reloaded before import = 0Number of asset objects unloaded after import = 0

========================================================================
Received Import Request.
  Time since last request: 0.626198 seconds.
  path: Assets/DacingEyebrows/deb_Goblin01/Scene/deb_Goblin01.unity
  artifactKey: Guid(b2eddd550f181cb4c82c637fc258fc89) Importer(815301076,1909f56bfc062723c751e8b465ee728b)
Start importing Assets/DacingEyebrows/deb_Goblin01/Scene/deb_Goblin01.unity using Guid(b2eddd550f181cb4c82c637fc258fc89) Importer(815301076,1909f56bfc062723c751e8b465ee728b) (PreviewImporter) -> (artifact id: '73499bf993796ce4b1646484a597b20f') in 0.0004611 seconds
Number of updated asset objects reloaded before import = 0Number of asset objects unloaded after import = 0

========================================================================
Received Prepare
Begin MonoManager ReloadAssembly
- Loaded All Assemblies, in  0.607 seconds
Refreshing native plugins compatible for Editor in 0.95 ms, found 3 plugins.
Native extension for UWP target not found
Native extension for WindowsStandalone target not found
Native extension for WebGL target not found
Mono: successfully reloaded assembly
- Finished resetting the current domain, in  0.530 seconds
Domain Reload Profiling: 1139ms
	BeginReloadAssembly (212ms)
		ExecutionOrderSort (0ms)
		DisableScriptedObjects (5ms)
		BackupInstance (0ms)
		ReleaseScriptingObjects (0ms)
		CreateAndSetChildDomain (48ms)
	RebuildCommonClasses (40ms)
	RebuildNativeTypeToScriptingClass (16ms)
	initialDomainReloadingComplete (25ms)
	LoadAllAssembliesAndSetupDomain (315ms)
		LoadAssemblies (290ms)
		RebuildTransferFunctionScriptingTraits (0ms)
		AnalyzeDomain (150ms)
			TypeCache.Refresh (6ms)
				TypeCache.ScanAssembly (0ms)
			BuildScriptInfoCaches (136ms)
			ResolveRequiredComponents (5ms)
	FinalizeReload (530ms)
		ReleaseScriptCaches (0ms)
		RebuildScriptCaches (0ms)
		SetupLoadedEditorAssemblies (395ms)
			LogAssemblyErrors (0ms)
			InitializePlatformSupportModulesInManaged (15ms)
			SetLoadedEditorAssemblies (4ms)
			BeforeProcessingInitializeOnLoad (81ms)
			ProcessInitializeOnLoadAttributes (266ms)
			ProcessInitializeOnLoadMethodAttributes (26ms)
			AfterProcessingInitializeOnLoad (2ms)
			EditorAssembliesLoaded (0ms)
		ExecutionOrderSort2 (0ms)
		AwakeInstancesAfterBackupRestoration (7ms)
Refreshing native plugins compatible for Editor in 1.28 ms, found 3 plugins.
Preloading 0 native plugins for Editor in 0.00 ms.
Unloading 0 Unused Serialized files (Serialized files now loaded: 0)
Unloading 3281 unused Assets / (0.8 MB). Loaded Objects now: 3790.
Memory consumption went from 84.5 MB to 83.7 MB.
Total: 9.102100 ms (FindLiveObjects: 0.418000 ms CreateObjectMapping: 0.661500 ms MarkObjects: 6.581500 ms  DeleteObjects: 1.439700 ms)

Prepare: number of updated asset objects reloaded= 0
========================================================================
Received Import Request.
  Time since last request: 49.722583 seconds.
  path: Assets/Mobs (model)
  artifactKey: Guid(d007fd66e8c061243ba547cead838f93) Importer(815301076,1909f56bfc062723c751e8b465ee728b)
Start importing Assets/Mobs (model) using Guid(d007fd66e8c061243ba547cead838f93) Importer(815301076,1909f56bfc062723c751e8b465ee728b) (PreviewImporter) -> (artifact id: '5a754bb06d06ea70b46ec860e0ea56b0') in 0.0023207 seconds
Number of updated asset objects reloaded before import = 0Number of asset objects unloaded after import = 0

========================================================================
Received Prepare
Begin MonoManager ReloadAssembly
- Loaded All Assemblies, in  0.641 seconds
Refreshing native plugins compatible for Editor in 1.09 ms, found 3 plugins.
Native extension for UWP target not found
Native extension for WindowsStandalone target not found
Native extension for WebGL target not found
Mono: successfully reloaded assembly
- Finished resetting the current domain, in  0.527 seconds
Domain Reload Profiling: 1170ms
	BeginReloadAssembly (221ms)
		ExecutionOrderSort (0ms)
		DisableScriptedObjects (7ms)
		BackupInstance (0ms)
		ReleaseScriptingObjects (0ms)
		CreateAndSetChildDomain (41ms)
	RebuildCommonClasses (39ms)
	RebuildNativeTypeToScriptingClass (15ms)
	initialDomainReloadingComplete (26ms)
	LoadAllAssembliesAndSetupDomain (342ms)
		LoadAssemblies (333ms)
		RebuildTransferFunctionScriptingTraits (0ms)
		AnalyzeDomain (144ms)
			TypeCache.Refresh (6ms)
				TypeCache.ScanAssembly (0ms)
			BuildScriptInfoCaches (129ms)
			ResolveRequiredComponents (5ms)
	FinalizeReload (528ms)
		ReleaseScriptCaches (0ms)
		RebuildScriptCaches (0ms)
		SetupLoadedEditorAssemblies (396ms)
			LogAssemblyErrors (0ms)
			InitializePlatformSupportModulesInManaged (14ms)
			SetLoadedEditorAssemblies (4ms)
			BeforeProcessingInitializeOnLoad (82ms)
			ProcessInitializeOnLoadAttributes (266ms)
			ProcessInitializeOnLoadMethodAttributes (26ms)
			AfterProcessingInitializeOnLoad (2ms)
			EditorAssembliesLoaded (0ms)
		ExecutionOrderSort2 (0ms)
		AwakeInstancesAfterBackupRestoration (6ms)
Refreshing native plugins compatible for Editor in 1.29 ms, found 3 plugins.
Preloading 0 native plugins for Editor in 0.00 ms.
Unloading 0 Unused Serialized files (Serialized files now loaded: 0)
Unloading 3281 unused Assets / (1.3 MB). Loaded Objects now: 3790.
Memory consumption went from 84.5 MB to 83.2 MB.
Total: 12.447200 ms (FindLiveObjects: 0.937900 ms CreateObjectMapping: 0.778800 ms MarkObjects: 8.010400 ms  DeleteObjects: 2.718200 ms)

Prepare: number of updated asset objects reloaded= 0
========================================================================
Received Import Request.
  Time since last request: 205.631751 seconds.
  path: Assets/Mobs (model)/deb_Goblin01/Texture/deb_Goblin01_AO.tga
  artifactKey: Guid(132047227f63b604f9752ee867f4ec8a) Importer(815301076,1909f56bfc062723c751e8b465ee728b)
Start importing Assets/Mobs (model)/deb_Goblin01/Texture/deb_Goblin01_AO.tga using Guid(132047227f63b604f9752ee867f4ec8a) Importer(815301076,1909f56bfc062723c751e8b465ee728b) (PreviewImporter) -> (artifact id: '5c3f379e281abfa6fca8caf7e1b875af') in 0.0954673 seconds
Number of updated asset objects reloaded before import = 0Number of asset objects unloaded after import = 2

========================================================================
Received Import Request.
  Time since last request: 0.000026 seconds.
  path: Assets/Mobs (model)/deb_Goblin01/Texture/deb_Goblin01_M.tga
  artifactKey: Guid(74e5c7b9424f48842adc6767ba70ecf2) Importer(815301076,1909f56bfc062723c751e8b465ee728b)
Start importing Assets/Mobs (model)/deb_Goblin01/Texture/deb_Goblin01_M.tga using Guid(74e5c7b9424f48842adc6767ba70ecf2) Importer(815301076,1909f56bfc062723c751e8b465ee728b) (PreviewImporter) -> (artifact id: 'a9afd78d2e216fcdf1712c3d6021dfa9') in 0.0215052 seconds
Number of updated asset objects reloaded before import = 0Number of asset objects unloaded after import = 2

========================================================================
Received Prepare
Begin MonoManager ReloadAssembly
- Loaded All Assemblies, in  0.625 seconds
Refreshing native plugins compatible for Editor in 0.96 ms, found 3 plugins.
Native extension for UWP target not found
Native extension for WindowsStandalone target not found
Native extension for WebGL target not found
Mono: successfully reloaded assembly
- Finished resetting the current domain, in  0.559 seconds
Domain Reload Profiling: 1185ms
	BeginReloadAssembly (229ms)
		ExecutionOrderSort (0ms)
		DisableScriptedObjects (9ms)
		BackupInstance (0ms)
		ReleaseScriptingObjects (0ms)
		CreateAndSetChildDomain (48ms)
	RebuildCommonClasses (45ms)
	RebuildNativeTypeToScriptingClass (17ms)
	initialDomainReloadingComplete (26ms)
	LoadAllAssembliesAndSetupDomain (308ms)
		LoadAssemblies (303ms)
		RebuildTransferFunctionScriptingTraits (0ms)
		AnalyzeDomain (142ms)
			TypeCache.Refresh (6ms)
				TypeCache.ScanAssembly (0ms)
			BuildScriptInfoCaches (129ms)
			ResolveRequiredComponents (4ms)
	FinalizeReload (559ms)
		ReleaseScriptCaches (0ms)
		RebuildScriptCaches (0ms)
		SetupLoadedEditorAssemblies (426ms)
			LogAssemblyErrors (0ms)
			InitializePlatformSupportModulesInManaged (13ms)
			SetLoadedEditorAssemblies (5ms)
			BeforeProcessingInitializeOnLoad (88ms)
			ProcessInitializeOnLoadAttributes (288ms)
			ProcessInitializeOnLoadMethodAttributes (30ms)
			AfterProcessingInitializeOnLoad (2ms)
			EditorAssembliesLoaded (0ms)
		ExecutionOrderSort2 (0ms)
		AwakeInstancesAfterBackupRestoration (7ms)
Refreshing native plugins compatible for Editor in 1.36 ms, found 3 plugins.
Preloading 0 native plugins for Editor in 0.00 ms.
Unloading 0 Unused Serialized files (Serialized files now loaded: 0)
Unloading 3281 unused Assets / (0.6 MB). Loaded Objects now: 3792.
Memory consumption went from 84.5 MB to 84.0 MB.
Total: 17.164000 ms (FindLiveObjects: 0.716000 ms CreateObjectMapping: 2.633500 ms MarkObjects: 7.266600 ms  DeleteObjects: 6.545700 ms)

Prepare: number of updated asset objects reloaded= 0
========================================================================
Received Import Request.
  Time since last request: 240.145976 seconds.
  path: Assets/Location/Scene
  artifactKey: Guid(807cf4ac218a00345b44c9bd6cc3bf99) Importer(815301076,1909f56bfc062723c751e8b465ee728b)
Start importing Assets/Location/Scene using Guid(807cf4ac218a00345b44c9bd6cc3bf99) Importer(815301076,1909f56bfc062723c751e8b465ee728b) (PreviewImporter) -> (artifact id: 'f6e18f92dd1d23dfe46eea1d7a1dfa2f') in 0.0025169 seconds
Number of updated asset objects reloaded before import = 0Number of asset objects unloaded after import = 0

========================================================================
Received Import Request.
  Time since last request: 44.713421 seconds.
  path: Assets/Mobs (model)/deb_Goblin01/Scene/deb_Goblin01.unity
  artifactKey: Guid(b2eddd550f181cb4c82c637fc258fc89) Importer(815301076,1909f56bfc062723c751e8b465ee728b)
Start importing Assets/Mobs (model)/deb_Goblin01/Scene/deb_Goblin01.unity using Guid(b2eddd550f181cb4c82c637fc258fc89) Importer(815301076,1909f56bfc062723c751e8b465ee728b) (PreviewImporter) -> (artifact id: '5f3f3304fd1ace543ab51474d94a426b') in 0.0004922 seconds
Number of updated asset objects reloaded before import = 0Number of asset objects unloaded after import = 0

========================================================================
Received Import Request.
  Time since last request: 1.471879 seconds.
  path: Assets/Mobs (model)/deb_Goblin01/Scene/deb_Goblin01
  artifactKey: Guid(fd1a29ec19e51b648bb72856d8cc042d) Importer(815301076,1909f56bfc062723c751e8b465ee728b)
Start importing Assets/Mobs (model)/deb_Goblin01/Scene/deb_Goblin01 using Guid(fd1a29ec19e51b648bb72856d8cc042d) Importer(815301076,1909f56bfc062723c751e8b465ee728b) (PreviewImporter) -> (artifact id: 'b2fe56aa6a3407b303b50c4d7d9cc3c0') in 0.0004604 seconds
Number of updated asset objects reloaded before import = 0Number of asset objects unloaded after import = 0

========================================================================
Received Import Request.
  Time since last request: 0.064943 seconds.
  path: Assets/Mobs (model)/deb_Goblin01/Scene/deb_Goblin01/LightingData.asset
  artifactKey: Guid(b4d63e52f58e83f44a257a4d6b89e91c) Importer(815301076,1909f56bfc062723c751e8b465ee728b)
Start importing Assets/Mobs (model)/deb_Goblin01/Scene/deb_Goblin01/LightingData.asset using Guid(b4d63e52f58e83f44a257a4d6b89e91c) Importer(815301076,1909f56bfc062723c751e8b465ee728b) (PreviewImporter) -> (artifact id: '2a50732417e1b7469a4660a2950d1e39') in 0.0205638 seconds
Number of updated asset objects reloaded before import = 0Number of asset objects unloaded after import = 2

========================================================================
Received Import Request.
  Time since last request: 13.431533 seconds.
  path: Assets/Location/Scene/rpgpp_lt_scene_1.0.unity
  artifactKey: Guid(d2809ab9b90eea7419d8d90d4c505d35) Importer(815301076,1909f56bfc062723c751e8b465ee728b)
Start importing Assets/Location/Scene/rpgpp_lt_scene_1.0.unity using Guid(d2809ab9b90eea7419d8d90d4c505d35) Importer(815301076,1909f56bfc062723c751e8b465ee728b) (PreviewImporter) -> (artifact id: 'a787373f381c90263fd541029e6facb9') in 0.0004852 seconds
Number of updated asset objects reloaded before import = 0Number of asset objects unloaded after import = 0

========================================================================
Received Import Request.
  Time since last request: 278.685092 seconds.
  path: Assets/Scripts
  artifactKey: Guid(c5d222268135a374b890d1a1971ef900) Importer(815301076,1909f56bfc062723c751e8b465ee728b)
Start importing Assets/Scripts using Guid(c5d222268135a374b890d1a1971ef900) Importer(815301076,1909f56bfc062723c751e8b465ee728b) (PreviewImporter) -> (artifact id: 'e3fc67b4939e61e5a97495a2cf91cf9e') in 0.0007906 seconds
Number of updated asset objects reloaded before import = 0Number of asset objects unloaded after import = 0

========================================================================
Received Prepare
Refreshing native plugins compatible for Editor in 1.38 ms, found 3 plugins.
Preloading 0 native plugins for Editor in 0.00 ms.
Unloading 0 Unused Serialized files (Serialized files now loaded: 0)
Unloading 3276 unused Assets / (0.7 MB). Loaded Objects now: 3793.
Memory consumption went from 84.7 MB to 84.0 MB.
Total: 11.391900 ms (FindLiveObjects: 0.470200 ms CreateObjectMapping: 0.634900 ms MarkObjects: 8.723500 ms  DeleteObjects: 1.562200 ms)

Prepare: number of updated asset objects reloaded= 0
========================================================================
Received Import Request.
  Time since last request: 30.109706 seconds.
  path: Assets/Scripts/GoblinEnemy.cs
  artifactKey: Guid(e0999dd686d7c6545b6df656f8ce499e) Importer(815301076,1909f56bfc062723c751e8b465ee728b)
Start importing Assets/Scripts/GoblinEnemy.cs using Guid(e0999dd686d7c6545b6df656f8ce499e) Importer(815301076,1909f56bfc062723c751e8b465ee728b) (PreviewImporter) -> (artifact id: 'fce8831204d6c5adb93273d4150b739d') in 0.0009845 seconds
Number of updated asset objects reloaded before import = 0Number of asset objects unloaded after import = 0

========================================================================
Received Prepare
Begin MonoManager ReloadAssembly
- Loaded All Assemblies, in  1.942 seconds
Refreshing native plugins compatible for Editor in 122.44 ms, found 3 plugins.
Native extension for UWP target not found
Native extension for WindowsStandalone target not found
Native extension for WebGL target not found
Mono: successfully reloaded assembly
- Finished resetting the current domain, in  1.442 seconds
Domain Reload Profiling: 3386ms
	BeginReloadAssembly (372ms)
		ExecutionOrderSort (0ms)
		DisableScriptedObjects (15ms)
		BackupInstance (0ms)
		ReleaseScriptingObjects (0ms)
		CreateAndSetChildDomain (84ms)
	RebuildCommonClasses (238ms)
	RebuildNativeTypeToScriptingClass (150ms)
	initialDomainReloadingComplete (85ms)
	LoadAllAssembliesAndSetupDomain (1099ms)
		LoadAssemblies (698ms)
		RebuildTransferFunctionScriptingTraits (0ms)
		AnalyzeDomain (630ms)
			TypeCache.Refresh (15ms)
				TypeCache.ScanAssembly (0ms)
			BuildScriptInfoCaches (596ms)
			ResolveRequiredComponents (14ms)
	FinalizeReload (1442ms)
		ReleaseScriptCaches (0ms)
		RebuildScriptCaches (0ms)
		SetupLoadedEditorAssemblies (1063ms)
			LogAssemblyErrors (0ms)
			InitializePlatformSupportModulesInManaged (30ms)
			SetLoadedEditorAssemblies (5ms)
			BeforeProcessingInitializeOnLoad (680ms)
			ProcessInitializeOnLoadAttributes (314ms)
			ProcessInitializeOnLoadMethodAttributes (32ms)
			AfterProcessingInitializeOnLoad (2ms)
			EditorAssembliesLoaded (0ms)
		ExecutionOrderSort2 (0ms)
		AwakeInstancesAfterBackupRestoration (7ms)
Refreshing native plugins compatible for Editor in 3.60 ms, found 3 plugins.
Preloading 0 native plugins for Editor in 0.00 ms.
Unloading 0 Unused Serialized files (Serialized files now loaded: 0)
Unloading 3282 unused Assets / (221.0 KB). Loaded Objects now: 3793.
Memory consumption went from 84.5 MB to 84.3 MB.
Total: 15.379000 ms (FindLiveObjects: 0.487000 ms CreateObjectMapping: 0.622600 ms MarkObjects: 11.535200 ms  DeleteObjects: 2.729900 ms)

Prepare: number of updated asset objects reloaded= 0
========================================================================
Received Import Request.
  Time since last request: 26.751828 seconds.
  path: Assets/Scripts/GoblinEnemy.cs
  artifactKey: Guid(e0999dd686d7c6545b6df656f8ce499e) Importer(815301076,1909f56bfc062723c751e8b465ee728b)
Start importing Assets/Scripts/GoblinEnemy.cs using Guid(e0999dd686d7c6545b6df656f8ce499e) Importer(815301076,1909f56bfc062723c751e8b465ee728b) (PreviewImporter) -> (artifact id: '387ef108c2fc6195e952e7b0fc84f7e2') in 0.0042087 seconds
Number of updated asset objects reloaded before import = 0Number of asset objects unloaded after import = 0

========================================================================
Received Prepare
Refreshing native plugins compatible for Editor in 1.69 ms, found 3 plugins.
Preloading 0 native plugins for Editor in 0.00 ms.
Unloading 0 Unused Serialized files (Serialized files now loaded: 0)
Unloading 3276 unused Assets / (238.0 KB). Loaded Objects now: 3793.
Memory consumption went from 84.7 MB to 84.5 MB.
Total: 16.241200 ms (FindLiveObjects: 0.569800 ms CreateObjectMapping: 0.618700 ms MarkObjects: 13.124500 ms  DeleteObjects: 1.926100 ms)

Prepare: number of updated asset objects reloaded= 0
========================================================================
Received Import Request.
  Time since last request: 159.351535 seconds.
  path: Assets/Scripts/GoblinEnemy.cs
  artifactKey: Guid(e0999dd686d7c6545b6df656f8ce499e) Importer(815301076,1909f56bfc062723c751e8b465ee728b)
Start importing Assets/Scripts/GoblinEnemy.cs using Guid(e0999dd686d7c6545b6df656f8ce499e) Importer(815301076,1909f56bfc062723c751e8b465ee728b) (PreviewImporter) -> (artifact id: 'e0452a3d40de92efce9b52b464f7ef9d') in 0.0017069 seconds
Number of updated asset objects reloaded before import = 0Number of asset objects unloaded after import = 0

========================================================================
Received Prepare
Refreshing native plugins compatible for Editor in 1.54 ms, found 3 plugins.
Preloading 0 native plugins for Editor in 0.00 ms.
Unloading 0 Unused Serialized files (Serialized files now loaded: 0)
Unloading 3275 unused Assets / (0.7 MB). Loaded Objects now: 3792.
Memory consumption went from 84.7 MB to 84.0 MB.
Total: 9.543000 ms (FindLiveObjects: 0.450200 ms CreateObjectMapping: 0.550600 ms MarkObjects: 7.084200 ms  DeleteObjects: 1.456100 ms)

Prepare: number of updated asset objects reloaded= 0
========================================================================
Received Prepare
Begin MonoManager ReloadAssembly
- Loaded All Assemblies, in  0.622 seconds
Refreshing native plugins compatible for Editor in 0.99 ms, found 3 plugins.
Native extension for UWP target not found
Native extension for WindowsStandalone target not found
Native extension for WebGL target not found
Mono: successfully reloaded assembly
- Finished resetting the current domain, in  0.488 seconds
Domain Reload Profiling: 1112ms
	BeginReloadAssembly (226ms)
		ExecutionOrderSort (0ms)
		DisableScriptedObjects (9ms)
		BackupInstance (0ms)
		ReleaseScriptingObjects (0ms)
		CreateAndSetChildDomain (48ms)
	RebuildCommonClasses (42ms)
	RebuildNativeTypeToScriptingClass (16ms)
	initialDomainReloadingComplete (24ms)
	LoadAllAssembliesAndSetupDomain (316ms)
		LoadAssemblies (292ms)
		RebuildTransferFunctionScriptingTraits (0ms)
		AnalyzeDomain (152ms)
			TypeCache.Refresh (10ms)
				TypeCache.ScanAssembly (0ms)
			BuildScriptInfoCaches (132ms)
			ResolveRequiredComponents (6ms)
	FinalizeReload (488ms)
		ReleaseScriptCaches (0ms)
		RebuildScriptCaches (0ms)
		SetupLoadedEditorAssemblies (350ms)
			LogAssemblyErrors (0ms)
			InitializePlatformSupportModulesInManaged (13ms)
			SetLoadedEditorAssemblies (3ms)
			BeforeProcessingInitializeOnLoad (73ms)
			ProcessInitializeOnLoadAttributes (237ms)
			ProcessInitializeOnLoadMethodAttributes (22ms)
			AfterProcessingInitializeOnLoad (1ms)
			EditorAssembliesLoaded (0ms)
		ExecutionOrderSort2 (0ms)
		AwakeInstancesAfterBackupRestoration (5ms)
Refreshing native plugins compatible for Editor in 1.23 ms, found 3 plugins.
Preloading 0 native plugins for Editor in 0.00 ms.
Unloading 0 Unused Serialized files (Serialized files now loaded: 0)
Unloading 3281 unused Assets / (131.0 KB). Loaded Objects now: 3792.
Memory consumption went from 84.5 MB to 84.4 MB.
Total: 11.083300 ms (FindLiveObjects: 0.485900 ms CreateObjectMapping: 0.592700 ms MarkObjects: 8.232700 ms  DeleteObjects: 1.770200 ms)

Prepare: number of updated asset objects reloaded= 0
========================================================================
Received Prepare
Begin MonoManager ReloadAssembly
- Loaded All Assemblies, in  0.650 seconds
Refreshing native plugins compatible for Editor in 0.78 ms, found 3 plugins.
Native extension for UWP target not found
Native extension for WindowsStandalone target not found
Native extension for WebGL target not found
Mono: successfully reloaded assembly
- Finished resetting the current domain, in  0.554 seconds
Domain Reload Profiling: 1206ms
	BeginReloadAssembly (216ms)
		ExecutionOrderSort (0ms)
		DisableScriptedObjects (7ms)
		BackupInstance (0ms)
		ReleaseScriptingObjects (0ms)
		CreateAndSetChildDomain (44ms)
	RebuildCommonClasses (42ms)
	RebuildNativeTypeToScriptingClass (13ms)
	initialDomainReloadingComplete (26ms)
	LoadAllAssembliesAndSetupDomain (354ms)
		LoadAssemblies (329ms)
		RebuildTransferFunctionScriptingTraits (0ms)
		AnalyzeDomain (150ms)
			TypeCache.Refresh (7ms)
				TypeCache.ScanAssembly (0ms)
			BuildScriptInfoCaches (135ms)
			ResolveRequiredComponents (6ms)
	FinalizeReload (555ms)
		ReleaseScriptCaches (0ms)
		RebuildScriptCaches (0ms)
		SetupLoadedEditorAssemblies (420ms)
			LogAssemblyErrors (0ms)
			InitializePlatformSupportModulesInManaged (15ms)
			SetLoadedEditorAssemblies (5ms)
			BeforeProcessingInitializeOnLoad (88ms)
			ProcessInitializeOnLoadAttributes (280ms)
			ProcessInitializeOnLoadMethodAttributes (29ms)
			AfterProcessingInitializeOnLoad (2ms)
			EditorAssembliesLoaded (0ms)
		ExecutionOrderSort2 (0ms)
		AwakeInstancesAfterBackupRestoration (8ms)
Refreshing native plugins compatible for Editor in 4.11 ms, found 3 plugins.
Preloading 0 native plugins for Editor in 0.00 ms.
Unloading 0 Unused Serialized files (Serialized files now loaded: 0)
Unloading 3281 unused Assets / (220.1 KB). Loaded Objects now: 3792.
Memory consumption went from 84.5 MB to 84.3 MB.
Total: 10.228200 ms (FindLiveObjects: 0.579300 ms CreateObjectMapping: 1.320400 ms MarkObjects: 6.480600 ms  DeleteObjects: 1.846600 ms)

Prepare: number of updated asset objects reloaded= 0
========================================================================
Received Import Request.
  Time since last request: 447.881339 seconds.
  path: Assets/Goblin (Main character)/Assets
  artifactKey: Guid(3056cc416e1d23d4691c53733fb9749a) Importer(815301076,1909f56bfc062723c751e8b465ee728b)
Start importing Assets/Goblin (Main character)/Assets using Guid(3056cc416e1d23d4691c53733fb9749a) Importer(815301076,1909f56bfc062723c751e8b465ee728b) (PreviewImporter) -> (artifact id: '72ee212e3a6667f1c9341b486d4dc86b') in 0.0040744 seconds
Number of updated asset objects reloaded before import = 0Number of asset objects unloaded after import = 0

========================================================================
Received Import Request.
  Time since last request: 0.020293 seconds.
  path: Assets/Goblin (Main character)/Assets/Goblin.fbx
  artifactKey: Guid(247c80268b595f74aad500096f912a45) Importer(815301076,1909f56bfc062723c751e8b465ee728b)
Start importing Assets/Goblin (Main character)/Assets/Goblin.fbx using Guid(247c80268b595f74aad500096f912a45) Importer(815301076,1909f56bfc062723c751e8b465ee728b) (PreviewImporter) -> (artifact id: '414efbdfb578062a9bb8105e1445ca15') in 0.6273713 seconds
Number of updated asset objects reloaded before import = 0Number of asset objects unloaded after import = 2045

========================================================================
Received Import Request.
  Time since last request: 3.701043 seconds.
  path: Assets/Goblin (Main character)/controlers/Attack1.controller
  artifactKey: Guid(a8782b72a44637e46842d20ccc01950a) Importer(815301076,1909f56bfc062723c751e8b465ee728b)
Start importing Assets/Goblin (Main character)/controlers/Attack1.controller using Guid(a8782b72a44637e46842d20ccc01950a) Importer(815301076,1909f56bfc062723c751e8b465ee728b) (PreviewImporter) -> (artifact id: '1f4a423ba1fdb4192bd0aa8cea892bb1') in 0.0046933 seconds
Number of updated asset objects reloaded before import = 0Number of asset objects unloaded after import = 4

========================================================================
Received Import Request.
  Time since last request: 15.167614 seconds.
  path: Assets/Mobs (model)/deb_Goblin01/Animation
  artifactKey: Guid(52df37c1cceb39847b655fb10e4c9a44) Importer(815301076,1909f56bfc062723c751e8b465ee728b)
Start importing Assets/Mobs (model)/deb_Goblin01/Animation using Guid(52df37c1cceb39847b655fb10e4c9a44) Importer(815301076,1909f56bfc062723c751e8b465ee728b) (PreviewImporter) -> (artifact id: '36ad73001616287239b8ddd395404842') in 0.0005056 seconds
Number of updated asset objects reloaded before import = 0Number of asset objects unloaded after import = 0

========================================================================
Received Prepare
Begin MonoManager ReloadAssembly
- Loaded All Assemblies, in  0.585 seconds
Refreshing native plugins compatible for Editor in 1.03 ms, found 3 plugins.
Native extension for UWP target not found
Native extension for WindowsStandalone target not found
Native extension for WebGL target not found
Mono: successfully reloaded assembly
- Finished resetting the current domain, in  0.559 seconds
Domain Reload Profiling: 1145ms
	BeginReloadAssembly (213ms)
		ExecutionOrderSort (0ms)
		DisableScriptedObjects (7ms)
		BackupInstance (0ms)
		ReleaseScriptingObjects (0ms)
		CreateAndSetChildDomain (44ms)
	RebuildCommonClasses (40ms)
	RebuildNativeTypeToScriptingClass (14ms)
	initialDomainReloadingComplete (23ms)
	LoadAllAssembliesAndSetupDomain (296ms)
		LoadAssemblies (283ms)
		RebuildTransferFunctionScriptingTraits (0ms)
		AnalyzeDomain (141ms)
			TypeCache.Refresh (8ms)
				TypeCache.ScanAssembly (0ms)
			BuildScriptInfoCaches (124ms)
			ResolveRequiredComponents (5ms)
	FinalizeReload (559ms)
		ReleaseScriptCaches (0ms)
		RebuildScriptCaches (0ms)
		SetupLoadedEditorAssemblies (428ms)
			LogAssemblyErrors (0ms)
			InitializePlatformSupportModulesInManaged (15ms)
			SetLoadedEditorAssemblies (5ms)
			BeforeProcessingInitializeOnLoad (80ms)
			ProcessInitializeOnLoadAttributes (299ms)
			ProcessInitializeOnLoadMethodAttributes (28ms)
			AfterProcessingInitializeOnLoad (2ms)
			EditorAssembliesLoaded (0ms)
		ExecutionOrderSort2 (0ms)
		AwakeInstancesAfterBackupRestoration (6ms)
Refreshing native plugins compatible for Editor in 1.24 ms, found 3 plugins.
Preloading 0 native plugins for Editor in 0.00 ms.
Unloading 0 Unused Serialized files (Serialized files now loaded: 0)
Unloading 3281 unused Assets / (0.8 MB). Loaded Objects now: 3802.
Memory consumption went from 94.8 MB to 94.1 MB.
Total: 8.178200 ms (FindLiveObjects: 0.532200 ms CreateObjectMapping: 0.636200 ms MarkObjects: 5.308200 ms  DeleteObjects: 1.699800 ms)

Prepare: number of updated asset objects reloaded= 0
========================================================================
Received Import Request.
  Time since last request: 217.052667 seconds.
  path: Assets/Location/Scene/rpgpp_lt_scene_1.0.unity
  artifactKey: Guid(d2809ab9b90eea7419d8d90d4c505d35) Importer(815301076,1909f56bfc062723c751e8b465ee728b)
Start importing Assets/Location/Scene/rpgpp_lt_scene_1.0.unity using Guid(d2809ab9b90eea7419d8d90d4c505d35) Importer(815301076,1909f56bfc062723c751e8b465ee728b) (PreviewImporter) -> (artifact id: '7a7eb8aff3203963b6006c0ca461ef47') in 0.0029268 seconds
Number of updated asset objects reloaded before import = 0Number of asset objects unloaded after import = 0

